<?xml version="1.0" encoding="UTF-8"?>
<!-- Generated by org.testng.reporters.JUnitReportReporter -->
<testsuite hostname="DESKTOP-L1UBKM7" failures="0" tests="1" name="project.test.TestCase10" time="9.153" errors="0" timestamp="2019-12-29T22:37:40 MSK" skipped="0">
  <testcase classname="project.test.TestCase10" name="testCase10" time="9.153"/>
</testsuite> <!-- project.test.TestCase10 -->
