<?xml version="1.0" encoding="UTF-8"?>
<!-- Generated by org.testng.reporters.JUnitReportReporter -->
<testsuite hostname="DESKTOP-L1UBKM7" failures="0" tests="1" name="project.test.TestCase9" time="11.089" errors="0" timestamp="2019-12-29T22:37:40 MSK" skipped="0">
  <testcase classname="project.test.TestCase9" name="testCase9" time="11.089"/>
</testsuite> <!-- project.test.TestCase9 -->
